-----------------------------------------------------------------------------

Input image     : fits-null.fits[1:1334,1:1337] 
Init. par. file : galfit.feedme 
Restart file    : galfit.01 
Output image    : 7457_galfit.fits 

 sersic    : ( [667.50], [669.00])   7.01      6.50    2.59    0.17   -51.75
             (   [0.00],   [0.00])   0.00      0.03    0.01    0.00     0.00
 expdisk   : ( [667.50], [669.00]) -20.40     *0.01*  *0.05*   -9.30
             (   [0.00],   [0.00])   0.00     *0.00*  *0.00*    0.00
 sky       : [667.50, 669.00]   511.14  8.78e-04  -2.27e-04
                                  3.20  8.31e-03  8.29e-03
 Chi^2 = 665931176.12474,  ndof = 1783546
 Chi^2/nu = 373.375 

-----------------------------------------------------------------------------
-----------------------------------------------------------------------------

Input image     : fits-null.fits[1:1334,1:1337] 
Init. par. file : galfit.feedme 
Restart file    : galfit.02 
Output image    : 7457_galfit.fits 

 sersic    : ( [667.50], [669.00])   0.52     60.21    0.71    0.39   -54.51
             (   [0.00],   [0.00])   0.02      0.37    0.00    0.00     0.11
 expdisk   : ( [667.50], [669.00])   1.30    [27.07]   1.00   -50.82
             (   [0.00],   [0.00])   0.04     [0.00]   0.02 21437.59
 sky       : [667.50, 669.00]  4571.65  8.89e-02  -2.31e-02
                                  0.76  1.93e-03  1.92e-03
 Chi^2 = 35852844.05110,  ndof = 1783547
 Chi^2/nu = 20.102 

-----------------------------------------------------------------------------
-----------------------------------------------------------------------------

Input image     : fits-null.fits[400:800,400:800] 
Init. par. file : galfit.feedme 
Restart file    : galfit.03 
Output image    : 7457_galfit.fits 

 sersic    : ( [653.00], [657.00])   0.42     53.07    0.75    0.46   -54.49
             (   [0.00],   [0.00])   0.05      0.22    0.01    0.01     0.12
 expdisk   : ( [653.00], [657.00])   1.82    [27.07]   1.00   -30.08
             (   [0.00],   [0.00])   0.17     [0.00]   0.04 18759.65
 sky       : [600.00, 600.00]  4636.93  1.53e-01  7.75e-01
                                  3.06  1.58e-02  1.63e-02
 Chi^2 = 1604233.49467,  ndof = 160790
 Chi^2/nu = 9.977 

-----------------------------------------------------------------------------
-----------------------------------------------------------------------------

Input image     : fits-null.fits[400:934,400:937] 
Init. par. file : galfit.feedme 
Restart file    : galfit.04 
Output image    : 7457_galfit.fits 

 sersic    : (  655.64,   657.40)    0.34     54.76    0.88    0.55   -56.01
             (    0.14,     0.16)    0.01      0.13    0.00    0.00     0.22
 expdisk   : (  661.91,   671.35)    1.95    [27.07]   0.49   -58.46
             (    0.31,     0.22)    0.05     [0.00]   0.01     0.86
 sky       : [667.00, 668.50]  4631.19  -9.82e-02  1.87e-01
                                  2.13  1.22e-02  1.21e-02
 Chi^2 = 4817844.55511,  ndof = 287815
 Chi^2/nu = 16.739 

-----------------------------------------------------------------------------
-----------------------------------------------------------------------------

Input image     : fits-null.fits[400:934,400:937] 
Init. par. file : galfit.feedme 
Restart file    : galfit.05 
Output image    : 7457_galfit.fits 

 sersic    : (  655.18,   659.56)   -4.82    927.02    1.54    0.99   -48.44
             (    0.00,     0.00)    0.00      0.00    0.00    0.00     0.00
 expdisk   : (  668.60,   680.74)  -23.17     *0.01*  *0.05*  -10.73
             (    1.43,     1.63)  583.13     *0.17*  *2.44*  504.79
 sky       : [667.00, 668.50]  [470.00]  4.10e-01  5.56e-01
                                 [0.00]  1.81e-02  1.80e-02
 Chi^2 = 11151385.55970,  ndof = 287815
 Chi^2/nu = 38.745 

-----------------------------------------------------------------------------
-----------------------------------------------------------------------------

Input image     : fits-null.fits[200:1134,200:1137] 
Init. par. file : galfit.feedme 
Restart file    : galfit.06 
Output image    : 7457_galfit.fits 

 sersic    : (  653.02,   657.04)    7.16      6.42    2.91    0.17   -52.47
             (    0.00,     0.00)    0.00      0.06    0.02    0.00     0.00
 expdisk   : (  668.53,   680.65)  -18.42     *0.01*  *0.05*  -10.82
             (    0.00,     0.00)    0.00     *0.00*  *0.00*    0.00
 sky       : [667.00, 668.50]  1501.95  9.04e-05  5.31e-04
                                  3.69  1.37e-02  1.36e-02
 Chi^2 = 211430870.80595,  ndof = 877014
 Chi^2/nu = 241.080 

-----------------------------------------------------------------------------
-----------------------------------------------------------------------------

Input image     : fits-null.fits[200:1134,200:1137] 
Init. par. file : galfit.feedme 
Restart file    : galfit.07 
Output image    : 7457_galfit.fits 

 sersic    : (  628.17,   639.50)   -1.61   1970.76   [4.00]   0.54    73.34
             (    0.23,     0.11)    0.05     80.11   [0.00]   0.01     0.70
 expdisk   : (  659.25,   663.02)    0.36    [27.07]   0.60   -54.21
             (    0.04,     0.03)    0.00     [0.00]   0.00     0.16
 sky       : [667.00, 668.50]  4480.16  5.36e-02  9.91e-02
                                  2.09  3.73e-03  3.58e-03
 Chi^2 = 17123513.06400,  ndof = 877016
 Chi^2/nu = 19.525 

-----------------------------------------------------------------------------
-----------------------------------------------------------------------------

Input image     : fits-null.fits[200:1134,200:1137] 
Init. par. file : galfit.feedme 
Restart file    : galfit.08 
Output image    : 7457_galfit.fits 

 sersic    : (  628.17,   639.50)   -1.61   1970.76   [4.00]   0.54    73.34
             (    0.23,     0.11)    0.05     80.11   [0.00]   0.01     0.70
 expdisk   : (  659.25,   663.02)    0.36    [27.07]   0.60   -54.21
             (    0.04,     0.03)    0.00     [0.00]   0.00     0.16
 sky       : [667.00, 668.50]  4480.16  5.36e-02  9.91e-02
                                  2.09  3.73e-03  3.58e-03
 Chi^2 = 17123513.06400,  ndof = 877016
 Chi^2/nu = 19.525 

-----------------------------------------------------------------------------
-----------------------------------------------------------------------------

Input image     : fits-null.fits[200:1134,200:1137] 
Init. par. file : galfit.feedme 
Restart file    : galfit.09 
Output image    : 7457_galfit.fits 

 sersic    : (  657.14,   661.06)    0.10     53.78    0.87    0.54   -54.81
             (    0.05,     0.04)    0.00      0.14    0.00    0.00     0.12
 sky       : [667.00, 668.50]  4587.10  2.33e-02  6.50e-02
                                  1.08  3.88e-03  3.87e-03
 Chi^2 = 17086036.01707,  ndof = 877020
 Chi^2/nu = 19.482 

-----------------------------------------------------------------------------
-----------------------------------------------------------------------------

Input image     : fits-null.fits[200:1134,200:1137] 
Init. par. file : galfit.feedme 
Restart file    : galfit.10 
Output image    : 7457_galfit.fits 

 sersic    : (  653.05,   657.10)  *56.36*    *0.01*   3.95   *0.05*  -73.40
             (36274763364412621324288.00, 69546040108534839902208.00) *2373932679778329348276224.00* *9573264573204537540608.00* 2610156928585047363026944.00 *103942827198131914932224.00* 9414051995119445319090176.00
 sky       : [667.00, 668.50]  298485.12  -4.24e-04  8.31e-04
                                313.71  1.16e+00  1.16e+00
 Chi^2 = 1530561334990.75000,  ndof = 877020
 Chi^2/nu = 1745184.072 

-----------------------------------------------------------------------------
-----------------------------------------------------------------------------

Input image     : fits-null.fits[200:1134,200:1137] 
Init. par. file : galfit.feedme 
Restart file    : galfit.11 
Output image    : 7457_galfit.fits 

 sersic    : ( [653.00], [657.00])  29.07    141.58    0.20    0.47   -41.55
             (   [0.00],   [0.00]) 3166564352.00 190877728768.00 1048609408.00 546231616.00 57606135808.00
 expdisk   : ( [653.00], [657.00])   0.04     34.12    0.53   -54.41
             (   [0.00],   [0.00])   0.01      0.10    0.00     0.12
 sky       : [667.00, 668.50]  4581.49  3.08e-02  7.21e-02
                                  1.08  3.91e-03  3.89e-03
 Chi^2 = 17292266.34633,  ndof = 877018
 Chi^2/nu = 19.717 

-----------------------------------------------------------------------------
-----------------------------------------------------------------------------

Input image     : fits-null.fits[200:1134,200:1137] 
Init. par. file : galfit.feedme 
Restart file    : galfit.12 
Output image    : 7457_galfit.fits 

 sersic    : ( [653.00], [657.00])  -7.61 218159.20   [4.00]   0.18    62.57
             (   [0.00],   [0.00])   0.65  77187.36   [0.00]   0.01     0.43
 expdisk   : ( [653.00], [657.00])   0.10     34.41    0.52   -53.72
             (   [0.00],   [0.00])   0.00      0.08    0.00     0.12
 sky       : [667.00, 668.50]  4403.63  3.59e-02  8.65e-02
                                 14.18  3.90e-03  3.89e-03
 Chi^2 = 17221542.20532,  ndof = 877019
 Chi^2/nu = 19.636 

-----------------------------------------------------------------------------
-----------------------------------------------------------------------------

Input image     : fits-null.fits[200:1134,200:1137] 
Init. par. file : galfit.feedme 
Restart file    : galfit.13 
Output image    : 7457_galfit.fits 

 sersic    : ( [653.00], [657.00])   3.19     17.19   [4.00]   0.83   -58.02
             (   [0.00],   [0.00])   0.02      0.35   [0.00]   0.01     2.66
 expdisk   : ( [653.00], [657.00]) *49.97*    10.08   *0.05*   31.15
             (   [0.00],   [0.00]) *29279421269540864.00* 283065540539318272.00 *1210478684536832.00* 93011957791064064.00
 sky       : [667.00, 668.50]  4628.03  7.03e-03  4.21e-02
                                  1.36  5.03e-03  5.02e-03
 Chi^2 = 28725244.90553,  ndof = 877019
 Chi^2/nu = 32.753 

-----------------------------------------------------------------------------
-----------------------------------------------------------------------------

Input image     : fits-null.fits[200:1134,200:1137] 
Init. par. file : galfit.feedme 
Restart file    : galfit.14 
Output image    : 7457_galfit.fits 

 sersic    : (  653.10,   657.19)    6.33     *0.03*  [4.00]  *0.02*  -47.01
             (    0.00,     0.00)    0.00     *0.00*  [0.00]  *0.00*    0.00
 expdisk   : (  652.61,   701.80)  -12.37     *0.01*  *0.05*  -18.16
             (    1.47,     4.68)  191.46     *1.44*  *3.71*  454.59
 sky       : [667.00, 668.50]  4697.73  8.36e-03  5.38e-02
                                  1.40  5.18e-03  5.16e-03
 Chi^2 = 30421124.90012,  ndof = 877015
 Chi^2/nu = 34.687 

-----------------------------------------------------------------------------
-----------------------------------------------------------------------------

Input image     : fits-null.fits[200:1134,200:1137] 
Init. par. file : galfit.feedme 
Restart file    : galfit.15 
Output image    : 7457_galfit.fits 

 sersic    : (  653.02,   657.03)   12.38     19.35    3.64    0.22   -54.14
             (    0.00,     0.00)    0.00      0.00    0.00    0.00     0.00
 expdisk   : (  654.60,   659.52)   11.42     *0.01*  *0.05*  -53.20
             (    0.00,     0.00)    0.00     *0.00*  *0.00*    0.00
 sky       : [667.00, 668.50]  4400.04  1.03e-06  6.56e-06
                                  1.43  5.31e-03  5.30e-03
 Chi^2 = 32003175.99431,  ndof = 877014
 Chi^2/nu = 36.491 

-----------------------------------------------------------------------------
-----------------------------------------------------------------------------

Input image     : fits-null.fits[200:1134,200:1137] 
Init. par. file : galfit.feedme 
Restart file    : galfit.16 
Output image    : 7457_galfit.fits 

 sersic    : (  653.10,   657.18)    6.79     *0.02* *19.99*  *0.02*  -46.30
             (    2.37,     2.44)   10.92     *0.90* *267.94*  *0.04*    2.24
 sky       : [667.00, 668.50]  4697.73  8.36e-03  5.38e-02
                                  1.40  5.18e-03  5.16e-03
 Chi^2 = 30412460.22726,  ndof = 877020
 Chi^2/nu = 34.677 

-----------------------------------------------------------------------------
-----------------------------------------------------------------------------

Input image     : fits-null.fits[200:1134,200:1137] 
Init. par. file : galfit.feedme 
Restart file    : galfit.17 
Output image    : 7457_galfit.fits 

 sersic    : ( [653.00], [657.00])  -1.67    489.25   [4.00]   0.59   -56.26
             (   [0.00],   [0.00])   0.01      2.61   [0.00]   0.00     0.18
 sky       : [667.00, 668.50]  4362.59  5.34e-02  9.24e-02
                                  1.24  4.12e-03  4.11e-03
 Chi^2 = 19322683.07626,  ndof = 877023
 Chi^2/nu = 22.032 

-----------------------------------------------------------------------------
-----------------------------------------------------------------------------

Input image     : fits-null.fits[200:1134,200:1137] 
Init. par. file : galfit.feedme 
Restart file    : galfit.18 
Output image    : 7457_galfit.fits 

 sersic    : ( [653.00], [657.00])  -1.67    489.22   [4.00]   0.59   -56.26
             (   [0.00],   [0.00])   0.01      2.61   [0.00]   0.00     0.18
 sky       : [667.00, 668.50]  4362.61  5.34e-02  9.24e-02
                                  1.24  4.12e-03  4.11e-03
 Chi^2 = 19322682.85078,  ndof = 877023
 Chi^2/nu = 22.032 

-----------------------------------------------------------------------------
-----------------------------------------------------------------------------

Input image     : fits-null.fits[200:1134,200:1137] 
Init. par. file : galfit.feedme 
Restart file    : galfit.19 
Output image    : 7457_galfit.fits 

 sersic    : ( [653.00], [657.00])   0.10     54.46    0.85    0.53   -54.44
             (   [0.00],   [0.00])   0.00      0.14    0.00    0.00     0.11
 sky       : [667.00, 668.50]  4587.17  2.97e-02  7.12e-02
                                  1.09  3.90e-03  3.89e-03
 Chi^2 = 17260769.21584,  ndof = 877022
 Chi^2/nu = 19.681 

-----------------------------------------------------------------------------
-----------------------------------------------------------------------------

Input image     : fits-null.fits[200:1134,200:1137] 
Init. par. file : galfit.feedme 
Restart file    : galfit.20 
Output image    : 7457_galfit.fits 

 sersic    : ( [653.00], [657.00])  [8.19]     4.43    0.14    0.68   -47.98
             (   [0.00],   [0.00])  [0.00]     0.88    0.18    0.18    23.30
 sky       : [667.00, 668.50]  4697.70  8.36e-03  5.38e-02
                                  1.40  5.18e-03  5.16e-03
 Chi^2 = 30388517.63433,  ndof = 877023
 Chi^2/nu = 34.650 

-----------------------------------------------------------------------------
-----------------------------------------------------------------------------

Input image     : fits-null.fits[200:1134,200:1137] 
Init. par. file : galfit.feedme 
Restart file    : galfit.21 
Output image    : 7457_galfit.fits 

 sersic    : ( [653.00], [657.00])  [8.19]     4.12    0.13    0.69   -47.99
             (   [0.00],   [0.00])  [0.00]     0.75    0.17    0.16    22.52
 sky       : [667.00, 668.50]  4697.70  8.36e-03  5.38e-02
                                  1.40  5.18e-03  5.16e-03
 Chi^2 = 30388526.35828,  ndof = 877023
 Chi^2/nu = 34.650 

-----------------------------------------------------------------------------
-----------------------------------------------------------------------------

Input image     : fits-null.fits[200:1134,200:1137] 
Init. par. file : galfit.feedme 
Restart file    : galfit.22 
Output image    : 7457_galfit.fits 

 sersic    : ( [653.00], [657.00])  [8.19]   [36.00]  [4.00]  *0.05*  -88.58
             (   [0.00],   [0.00])  [0.00]    [0.00]  [0.00]  *0.05*    4.35
 sky       : [667.00, 668.50]  4697.70  8.36e-03  5.38e-02
                                  1.40  5.18e-03  5.16e-03
 Chi^2 = 30406595.47269,  ndof = 877025
 Chi^2/nu = 34.670 

-----------------------------------------------------------------------------
-----------------------------------------------------------------------------

Input image     : fits-null.fits[200:1134,200:1137] 
Init. par. file : galfit.feedme 
Restart file    : galfit.23 
Output image    : 7457_galfit.fits 

 sersic    : ( [653.00], [657.00])  [8.19]   [36.00]  [4.00]  [0.59] [-55.20]
             (   [0.00],   [0.00])  [0.00]    [0.00]  [0.00]  [0.00]   [0.00]
 sky       : [667.00, 668.50]  4697.70  8.36e-03  5.38e-02
                                  1.40  5.18e-03  5.16e-03
 Chi^2 = 30409417.39929,  ndof = 877027
 Chi^2/nu = 34.673 

-----------------------------------------------------------------------------
-----------------------------------------------------------------------------

Input image     : fits-null.fits[200:1134,200:1137] 
Init. par. file : galfit.feedme 
Restart file    : galfit.24 
Output image    : 7457_galfit.fits 

 sersic    : ( [653.00], [657.00])  [8.19]  [486.00]  [4.00]  [0.59] [-55.20]
             (   [0.00],   [0.00])  [0.00]    [0.00]  [0.00]  [0.00]   [0.00]
 sky       : [667.00, 668.50]  4697.72  8.36e-03  5.38e-02
                                  1.40  5.18e-03  5.16e-03
 Chi^2 = 30427560.83294,  ndof = 877027
 Chi^2/nu = 34.694 

-----------------------------------------------------------------------------
-----------------------------------------------------------------------------

Input image     : fits-null.fits[200:1134,200:1137] 
Init. par. file : galfit.feedme 
Restart file    : galfit.25 
Output image    : 7457_galfit.fits 

 sersic    : ( [668.50], [657.00])   4.89     *0.01*  [4.00]  *0.05*  -82.42
             (   [0.00],   [0.00])  27.61     *0.38*  [0.00] *25.73*   46.28
 sky       : [667.00, 668.50]  4697.73  8.35e-03  5.38e-02
                                  1.40  5.18e-03  5.16e-03
 Chi^2 = 30422168.79024,  ndof = 877023
 Chi^2/nu = 34.688 

-----------------------------------------------------------------------------
-----------------------------------------------------------------------------

Input image     : fits-null.fits[200:1134,200:1137] 
Init. par. file : galfit.feedme 
Restart file    : galfit.26 
Output image    : 7457_galfit.fits 

 sersic    : ( [668.50], [657.00])  -1.83    558.39   [4.00]   0.66   -65.01
             (   [0.00],   [0.00])   0.01      3.46   [0.00]   0.00     0.25
 sky       : [667.00, 668.50]  4343.66  1.79e-03  9.76e-02
                                  1.38  4.27e-03  4.26e-03
 Chi^2 = 20695399.78891,  ndof = 877023
 Chi^2/nu = 23.597 

-----------------------------------------------------------------------------
-----------------------------------------------------------------------------

Input image     : fits-null.fits[200:1134,200:1137] 
Init. par. file : galfit.feedme 
Restart file    : galfit.27 
Output image    : 7457_galfit.fits 

 sersic    : ( [668.50], [657.00])   7.42      6.24    2.49    0.25   -71.00
             (   [0.00],   [0.00])   0.41      3.76    2.68    0.06     4.50
 expdisk   : ( [668.50], [657.00]) -10.15     *0.01*  *0.05*   68.67
             (   [0.00],   [0.00]) 1419227382677504.00 *313332269056.00* *32893982212096.00* 649974580772864.00
 sky       : [667.00, 668.50]  4330.26  8.31e-05  5.34e-04
                                  1.45  5.38e-03  5.36e-03
 Chi^2 = 32765707.20710,  ndof = 877018
 Chi^2/nu = 37.360 

-----------------------------------------------------------------------------
-----------------------------------------------------------------------------

Input image     : fits-null.fits[200:1134,200:1137] 
Init. par. file : galfit.feedme 
Restart file    : galfit.28 
Output image    : 7457_galfit.fits 

 sersic    : ( [668.50], [657.00]) *82.28*   [11.62]  [4.00]  [0.62]   -3.55
             (   [0.00],   [0.00])  *0.00*    [0.00]  [0.00]  [0.00]    0.00
 expdisk   : ( [668.50], [657.00])   0.38    [27.07]  [0.48]  -61.90
             (   [0.00],   [0.00])   0.00     [0.00]  [0.00]    0.11
 sky       : [667.00, 668.50]  [4326.59]  6.56e-03  6.68e-02
                                 [0.00]  4.35e-03  4.33e-03
 Chi^2 = 21426381.40844,  ndof = 877024
 Chi^2/nu = 24.431 

-----------------------------------------------------------------------------
-----------------------------------------------------------------------------

Input image     : fits-null.fits[200:1134,200:1137] 
Init. par. file : galfit.feedme 
Restart file    : galfit.29 
Output image    : 7457_galfit.fits 

 sersic    : ( [668.50], [657.00])   7.42      6.28   [4.00]   0.26   -70.92
             (   [0.00],   [0.00])   0.00      0.00   [0.00]   0.00     0.00
 expdisk   : ( [668.50], [657.00]) -10.15     *0.01*  *0.05*   68.68
             (   [0.00],   [0.00])   0.00     *0.00*  *0.00*    0.00
 sky       : [667.00, 668.50]  [4326.59]  8.31e-05  5.34e-04
                                 [0.00]  5.38e-03  5.36e-03
 Chi^2 = 32817573.20317,  ndof = 877020
 Chi^2/nu = 37.419 

-----------------------------------------------------------------------------
-----------------------------------------------------------------------------

Input image     : fits-null.fits[200:1134,200:1137] 
Init. par. file : galfit.feedme 
Restart file    : galfit.30 
Output image    : 7457_galfit.fits 

 sersic    : ( [668.50], [657.00])   6.90     *0.01*  [4.00]  *0.05*  -83.24
             (   [0.00],   [0.00])   0.00     *0.00*  [0.00]  *0.00*    0.00
 expdisk   : ( [668.50], [657.00])   6.99     *0.01*  *0.05*  -61.53
             (   [0.00],   [0.00])   0.00     *0.00*  *0.00*    0.00
 sky       : [667.00, 668.50]  [4326.59]  8.41e-07  5.38e-06
                                 [0.00]  5.39e-03  5.37e-03
 Chi^2 = 32874763.28235,  ndof = 877020
 Chi^2/nu = 37.485 

-----------------------------------------------------------------------------
-----------------------------------------------------------------------------

Input image     : fits-null.fits[200:1134,200:1137] 
Init. par. file : galfit.feedme 
Restart file    : galfit.31 
Output image    : 7457_galfit.fits 

 sersic    : ( [668.50], [657.00])   8.26     18.04   [4.00]   0.22   -64.16
             (   [0.00],   [0.00])   0.00      0.00   [0.00]   0.00     0.00
 expdisk   : ( [668.50], [657.00])   4.38     *0.01*  *0.05*  -64.17
             (   [0.00],   [0.00])   0.00     *0.00*  *0.00*    0.00
 sky       : [667.00, 668.50]  [4326.59]  8.40e-06  5.37e-05
                                 [0.00]  5.38e-03  5.37e-03
 Chi^2 = 32851703.01509,  ndof = 877020
 Chi^2/nu = 37.458 

-----------------------------------------------------------------------------
-----------------------------------------------------------------------------

Input image     : 7457skysub.fits[200:1134,200:1137] 
Init. par. file : galfit.feedme 
Restart file    : galfit.32 
Output image    : 7457_galfit.fits 

 sersic    : ( [668.50], [657.00])  -2.24     *0.01*   2.26   *0.05*  -39.06
             (   [0.00],   [0.00]) 4932480000.00 *13123482.00* 698653248.00 *6182752.00* 38682412.00
 expdisk   : ( [668.50], [657.00]) -31.25     *0.01*  *0.05*   53.95
             (   [0.00],   [0.00]) 2243675614609408.00 *1950466572288.00* *99639936155648.00* 5364386772287488.00
 sky       : [667.00, 668.50]   432.63  8.27e-05  5.35e-04
                                  1.43  5.29e-03  5.27e-03
 Chi^2 = 31681349.37215,  ndof = 877018
 Chi^2/nu = 36.124 

-----------------------------------------------------------------------------
-----------------------------------------------------------------------------

Input image     : 7457skysub.fits[200:1134,200:1137] 
Init. par. file : galfit.feedme 
Restart file    : galfit.33 
Output image    : 7457_galfit.fits 

 sersic    : ( [668.50], [657.00])   0.24     50.26    0.68    0.59   -59.36
             (   [0.00],   [0.00])   0.00      0.13    0.00    0.00     0.15
 expdisk   : ( [668.50], [657.00])  -0.54    427.85    0.32    60.72
             (   [0.00],   [0.00])   0.06     18.00    0.01     0.48
 sky       : [667.00, 668.50]   486.79  6.99e-03  8.20e-02
                                  2.94  4.05e-03  3.94e-03
 Chi^2 = 18573835.55611,  ndof = 877018
 Chi^2/nu = 21.178 

-----------------------------------------------------------------------------
-----------------------------------------------------------------------------

Input image     : 7457skysub.fits[200:1134,200:1137] 
Init. par. file : galfit.feedme 
Restart file    : galfit.34 
Output image    : 7457_galfit.fits 

 sersic    : (  663.03,  [657.00])   0.80     48.20    0.92    0.73   -38.89
             (    0.17,    [0.00])   0.02      0.39    0.01    0.00     1.08
 expdisk   : (  647.34,  [657.00])   0.82     37.97    0.37   -55.51
             (    0.10,    [0.00])   0.02      0.23    0.00     0.13
 sky       : [667.00, 668.50]   582.15  2.70e-02  7.20e-02
                                  1.05  3.89e-03  3.88e-03
 Chi^2 = 17181828.24260,  ndof = 877016
 Chi^2/nu = 19.591 

-----------------------------------------------------------------------------
-----------------------------------------------------------------------------

Input image     : 7457skysub.fits[200:1134,200:1137] 
Init. par. file : galfit.feedme 
Restart file    : galfit.35 
Output image    : 7457_galfit.fits 

 sersic    : (  655.28,  [657.00])  -1.67    484.30   [4.00]   0.60   -56.03
             (    0.02,    [0.00])   0.01      2.58   [0.00]   0.00     0.18
 sky       : [667.00, 668.50]   362.44  4.59e-02  9.30e-02
                                  1.25  4.12e-03  4.11e-03
 Chi^2 = 19300506.73328,  ndof = 877022
 Chi^2/nu = 22.007 

-----------------------------------------------------------------------------
-----------------------------------------------------------------------------

Input image     : twomass-k.fits[84:284,1:200] 
Init. par. file : galfit.feedme 
Restart file    : galfit.36 
Output image    : 7457_galfit.fits 

 sersic    : ( [184.00], [100.00])  10.55      4.72    1.03    0.74   -52.44
             (   [0.00],   [0.00])   0.03      0.10    0.03    0.01     1.95
 expdisk   : ( [184.00], [100.00])   8.39     22.81    0.53   -54.99
             (   [0.00],   [0.00])   0.01      0.33    0.00     0.42
 sky       : [184.00, 100.50]   591.25  6.74e-04  -8.46e-04
                                  0.01  1.78e-04  1.79e-04
 Chi^2 = 102794.05678,  ndof = 40188
 Chi^2/nu = 2.558 

-----------------------------------------------------------------------------
-----------------------------------------------------------------------------

Input image     : twomass-k.fits[84:284,1:200] 
Init. par. file : galfit.feedme 
Restart file    : galfit.37 
Output image    : 7457_galfit.fits 

 sersic    : ( [184.00], [100.00])   7.84     71.76   [4.00]   0.68   -49.71
             (   [0.00],   [0.00])   0.07      3.66   [0.00]   0.01     1.09
 expdisk   : ( [184.00], [100.00])   9.65     30.46    0.30   -58.38
             (   [0.00],   [0.00])   0.10      1.20    0.01     0.70
 sky       : [184.00, 100.50]   590.91  6.67e-04  -8.21e-04
                                  0.03  1.80e-04  1.81e-04
 Chi^2 = 104321.67786,  ndof = 40189
 Chi^2/nu = 2.596 

-----------------------------------------------------------------------------
-----------------------------------------------------------------------------

Input image     : fits-null.fits[370:970,368:968] 
Init. par. file : galfit.feedme 
Restart file    : galfit.38 
Output image    : 7457_galfit_larger.fits 

 sersic    : ( [668.50], [667.00])   3.68     *0.01*  [4.00]  *0.07*  -53.68
             (   [0.00],   [0.00]) 381.25     *1.00*  [0.00] *16.01*  100.47
 sky       : [670.00, 668.00]  4737.60  -6.74e-02  3.45e-03
                                  2.83  1.46e-02  1.46e-02
 Chi^2 = 18165744.27744,  ndof = 361194
 Chi^2/nu = 50.294 

-----------------------------------------------------------------------------
-----------------------------------------------------------------------------

Input image     : fits-null.fits[370:970,368:968] 
Init. par. file : galfit.feedme 
Restart file    : galfit.39 
Output image    : 7457_galfit_larger.fits 

 sersic    : (  657.43,   661.46)   -2.02    606.00   [4.00]   0.60   -56.42
             (    0.02,     0.01)    0.01      4.02   [0.00]   0.00     0.20
 sky       : [670.00, 668.00]  4123.11  8.69e-02  1.07e-01
                                  3.30  9.94e-03  9.91e-03
 Chi^2 = 8427742.61244,  ndof = 361192
 Chi^2/nu = 23.333 

-----------------------------------------------------------------------------
-----------------------------------------------------------------------------

Input image     : fits-null.fits[370:970,368:968] 
Init. par. file : galfit.feedme 
Restart file    : galfit.40 
Output image    : 7457_galfit_larger.fits 

 sersic    : (  673.10,   679.11)   -3.86 158707.89   [4.00]  *0.00*   46.38
             (   11.12,    10.60)    0.32  40747.41   [0.00]  *0.00*    0.03
 expdisk   : (  656.71,   660.74)    0.08     33.94    0.53   -54.62
             (    0.05,     0.04)    0.00      0.08    0.00     0.12
 sky       : [670.00, 668.00]  4564.56  2.25e-03  5.78e-02
                                  2.63  8.23e-03  8.23e-03
 Chi^2 = 6825031.38345,  ndof = 361186
 Chi^2/nu = 18.896 

-----------------------------------------------------------------------------
