-----------------------------------------------------------------------------

Input image     : twomass-k.fits[1:397,1:397] 
Init. par. file : galfit_in.sersic4 
Restart file    : galfit.01 
Output image    : n0821-galfit.fits 

 sersic    : ( [199.00], [199.00])   8.01    [33.80]  [2.50]   0.61    30.24
             (   [0.00],   [0.00])   0.01     [0.00]  [0.00]   0.01     0.82
 expdisk   : ( [199.00], [199.00])   9.89      2.15    0.78    32.05
             (   [0.00],   [0.00])   0.02      0.05    0.02     3.38
 sky       : [199.00, 199.00]  [474.67]  -2.42e-04  5.87e-04
                                 [0.00]  5.71e-05  5.71e-05
 Chi^2 = 1543535.29678,  ndof = 157600
 Chi^2/nu = 9.794 

-----------------------------------------------------------------------------
-----------------------------------------------------------------------------

Input image     : twomass-k.fits[1:397,1:397] 
Init. par. file : galfit.01 
Restart file    : galfit.02 
Output image    : n0821-galfit.fits 

 sersic    : ( [199.00], [199.00])   8.01    [33.80]  [2.50]   0.61    30.24
             (   [0.00],   [0.00])   0.01     [0.00]  [0.00]   0.01     0.82
 expdisk   : ( [199.00], [199.00])   9.89      2.15    0.78    32.04
             (   [0.00],   [0.00])   0.02      0.05    0.02     3.38
 sky       : [199.00, 199.00]  [474.67]  -2.42e-04  5.87e-04
                                 [0.00]  5.71e-05  5.71e-05
 Chi^2 = 1543535.31582,  ndof = 157600
 Chi^2/nu = 9.794 

-----------------------------------------------------------------------------
