-----------------------------------------------------------------------------

Input image     : fits-null.fits[1:1246,1:1248] 
Init. par. file : galfit_in2768 
Restart file    : galfit.01 
Output image    : galfit_2768-larger.fits 

 sersic    : ( [624.00], [624.00])  -6.90   1817.02    0.43    0.99    72.29
             (   [0.00],   [0.00])   0.04     44.81    0.01    0.00     9.26
 expdisk   : ( [624.00], [624.00])  -0.57    [42.93]   0.56    88.92
             (   [0.00],   [0.00])   0.00     [0.00]   0.00     0.06
 sky       : [623.50, 624.50]   [15.00]  8.70e-02  4.85e-02
                                 [0.00]  1.46e-03  1.46e-03
 Chi^2 = 14528842.37463,  ndof = 1554998
 Chi^2/nu = 9.343 

-----------------------------------------------------------------------------
-----------------------------------------------------------------------------

Input image     : fits-null.fits[1:1246,1:1248] 
Init. par. file : galfit_in2768 
Restart file    : galfit.02 
Output image    : galfit_2768-larger.fits 

 sersic    : ( [624.00], [624.00])  [7.23]     5.70   [4.65]  [0.66] [-85.39]
             (   [0.00],   [0.00])  [0.00]     1.19   [0.00]  [0.00]   [0.00]
 expdisk   : ( [624.00], [624.00])  [8.19]    *0.00*  [0.29] [-86.25]
             (   [0.00],   [0.00])  [0.00]    *0.00*  [0.00]   [0.00]
 sky       : [623.50, 624.50]  3956.14  8.80e-02  4.75e-02
                                  0.90  2.50e-03  2.49e-03
 Chi^2 = 42681807.05836,  ndof = 1555003
 Chi^2/nu = 27.448 

-----------------------------------------------------------------------------
-----------------------------------------------------------------------------

Input image     : fits-null.fits[1:1248,1:1248] 
Init. par. file : galfit_in2768 
Restart file    : galfit.03 
Output image    : galfit_2768-larger.fits 

 sersic    : ( [624.00], [624.00])   0.23     83.39    0.41    0.29   -45.63
             (   [0.00],   [0.00])   0.01      0.14    0.00    0.00     0.05
 expdisk   : ( [624.00], [624.00])  -0.16     74.41    0.59   -56.06
             (   [0.00],   [0.00])   0.01      0.43    0.00     0.33
 sky       : [624.50, 624.50]  4566.70  2.38e-01  6.56e-02
                                  0.78  1.81e-03  1.81e-03
 Chi^2 = 27695749.74773,  ndof = 1557492
 Chi^2/nu = 17.782 

-----------------------------------------------------------------------------
-----------------------------------------------------------------------------

Input image     : fits-null.fits[1:1248,1:1248] 
Init. par. file : galfit_in2768 
Restart file    : galfit.04 
Output image    : galfit_2768-larger.fits 

 sersic    : ( [624.00], [624.00])  -0.15     66.90    0.78    0.83  [-85.39]
             (   [0.00],   [0.00])   0.27      2.07    0.03    0.00    [0.00]
 expdisk   : ( [624.00], [624.00])   0.36     60.53    0.84  [-86.25]
             (   [0.00],   [0.00])   0.42      7.79    0.01    [0.00]
 sky       : [624.50, 624.50]  4573.14  2.38e-01  6.54e-02
                                  0.80  1.93e-03  1.92e-03
 Chi^2 = 31922768.17948,  ndof = 1557494
 Chi^2/nu = 20.496 

-----------------------------------------------------------------------------
-----------------------------------------------------------------------------

Input image     : fits-null.fits[1:1248,1:1248] 
Init. par. file : galfit_in2768 
Restart file    : galfit.05 
Output image    : galfit_2768-larger.fits 

 sersic    : ( [648.00], [652.00])   0.95     52.87    0.35    0.33   -57.11
             (   [0.00],   [0.00])   0.01      0.12    0.00    0.00     0.05
 expdisk   : ( [648.00], [652.00])  -0.44     60.32    0.49   -56.42
             (   [0.00],   [0.00])   0.00      0.21    0.00     0.10
 sky       : [624.50, 624.50]  4571.49  2.14e-01  3.69e-02
                                  0.63  1.23e-03  1.20e-03
 Chi^2 = 19219965.55339,  ndof = 1557492
 Chi^2/nu = 12.340 

-----------------------------------------------------------------------------
-----------------------------------------------------------------------------

Input image     : fits-null.fits[1:1248,1:1248] 
Init. par. file : galfit_in2768 
Restart file    : galfit.06 
Output image    : galfit_2768-larger.fits 

 sersic    : ( [648.00], [652.00])   0.95     52.87    0.35    0.33   -57.11
             (   [0.00],   [0.00])   0.01      0.12    0.00    0.00     0.05
 expdisk   : ( [648.00], [652.00])  -0.44     60.32    0.49   -56.42
             (   [0.00],   [0.00])   0.00      0.21    0.00     0.10
 sky       : [624.50, 624.50]  4571.49  2.14e-01  3.69e-02
                                  0.63  1.23e-03  1.20e-03
 Chi^2 = 19219965.55339,  ndof = 1557492
 Chi^2/nu = 12.340 

-----------------------------------------------------------------------------
-----------------------------------------------------------------------------

Input image     : fits-null.fits[1:1248,1:1248] 
Init. par. file : galfit_in2768 
Restart file    : galfit.07 
Output image    : galfit_2768-larger.fits 

 sersic    : ( [648.00], [652.00])   1.24     93.67    0.61    0.78    48.45
             (   [0.00],   [0.00])   0.03      1.34    0.01    0.02     1.54
 expdisk   : ( [648.00], [652.00])  -0.48     49.90    0.37   -56.52
             (   [0.00],   [0.00])   0.01      0.10    0.00     0.04
 sky       : [624.50, 624.50]  4573.70  2.14e-01  3.73e-02
                                  0.63  1.28e-03  1.28e-03
 Chi^2 = 19551391.39170,  ndof = 1557492
 Chi^2/nu = 12.553 

-----------------------------------------------------------------------------
