-----------------------------------------------------------------------------

Input image     : fits-null.fits[1:1310,1:1313] 
Init. par. file : galfit_5846.in 
Restart file    : galfit.01 
Output image    : n5846-galfit.fits 

 sersic    : ( [655.50], [657.00])   0.17     42.67    0.66    0.79    11.54
             (   [0.00],   [0.00])   0.00      0.12    0.00    0.00     0.32
 expdisk   : ( [655.50], [657.00])  -1.04    [99.00]   0.80    78.36
             (   [0.00],   [0.00])   0.00     [0.00]   0.00     0.49
 sky       : [655.50, 657.00]  4329.97  -1.96e-01  -4.46e-02
                                  0.79  1.82e-03  1.82e-03
 Chi^2 = 20847505.49551,  ndof = 1720019
 Chi^2/nu = 12.121 

-----------------------------------------------------------------------------
-----------------------------------------------------------------------------

Input image     : fits-null.fits[1:1310,1:1313] 
Init. par. file : galfit_5846.in 
Restart file    : galfit.02 
Output image    : n5846-galfit.fits 

 sersic    : (  651.94,   663.26)    0.11     41.01    0.73    0.86    15.25
             (    0.04,     0.05)    0.00      0.12    0.00    0.00     0.54
 expdisk   : (  654.02,   679.46)   -1.02    [99.00]   0.79    80.38
             (    0.28,     0.22)    0.00     [0.00]   0.00     0.41
 sky       : [655.50, 657.00]  4330.46  -1.94e-01  -6.86e-02
                                  0.78  1.80e-03  1.79e-03
 Chi^2 = 20251116.14711,  ndof = 1720015
 Chi^2/nu = 11.774 

-----------------------------------------------------------------------------
