-----------------------------------------------------------------------------

Input image     : twomass-k.fits[1:309,1:332] 
Init. par. file : galfit3115.in 
Restart file    : galfit.01 
Output image    : n3115-galfit.fits 

 sersic    : ( [199.54], [198.61])  -1.59  17822.18   [4.00]   0.45    13.74
             (   [0.00],   [0.00])   0.59   5779.25   [0.00]   0.01     0.83
 edgedisk  : ( [199.54], [198.61])  12.65      4.12    6.66    46.17
             (   [0.00],   [0.00])   0.03      0.12    0.22     0.73
 sky       : [155.00, 166.50]   555.17  -7.82e-02  -9.62e-03
                                  2.02  1.18e-03  1.10e-03
 Chi^2 = 45549246.00222,  ndof = 102577
 Chi^2/nu = 444.049 

-----------------------------------------------------------------------------
-----------------------------------------------------------------------------

Input image     : fits-null.fits[1:400,1:400] 
Init. par. file : galfit3115.in 
Restart file    : galfit.02 
Output image    : galfit_3115.fits 

 sersic    : ( [663.50], [665.00])   5.89     66.00    4.00    0.47    45.00
             (   [0.00],   [0.00])   0.02      0.00    0.01    0.12     0.00
 expdisk   : ( [663.50], [665.00])   5.89     14.98    0.47    45.00
             (   [0.00],   [0.00])   0.00      0.00    0.00     0.00
 sky       : [200.50, 200.50]   610.40  0.00e+00  0.00e+00
                                 10.54  8.14e-02  8.14e-02
 Chi^2 = 42934452.33945,  ndof = 159988
 Chi^2/nu = 268.360 

-----------------------------------------------------------------------------
-----------------------------------------------------------------------------

Input image     : fits-null.fits[1:1320,1:1320] 
Init. par. file : galfit3115.in 
Restart file    : galfit.03 
Output image    : galfit_3115.fits 

 sersic    : ( [663.50], [665.00])   8.19 495818.38    0.97    0.14   -24.47
             (   [0.00],   [0.00]) 193235763200.00 29660363393859584.00 891910592.00 435991072.00 10500672512.00
 expdisk   : ( [663.50], [665.00])  -1.95     86.02    0.44    45.02
             (   [0.00],   [0.00])   0.00      0.08    0.00     0.03
 sky       : [660.50, 660.50]  4813.18  3.49e-02  1.78e-01
                                34271.82  1.75e-03  1.75e-03
 Chi^2 = 15092366.76655,  ndof = 1742388
 Chi^2/nu = 8.662 

-----------------------------------------------------------------------------
-----------------------------------------------------------------------------

Input image     : fits-null.fits[1:1320,1:1320] 
Init. par. file : galfit3115.in 
Restart file    : galfit.04 
Output image    : galfit_3115.fits 

 sersic    : ( [663.50], [665.00])  -0.06    106.04    0.37   [0.39]   49.44
             (   [0.00],   [0.00])   0.01      0.08    0.00   [0.00]    0.03
 expdisk   : ( [663.50], [665.00])  -0.26    121.91   [0.39]   36.70
             (   [0.00],   [0.00])   0.00      0.46   [0.00]    0.08
 sky       : [660.50, 660.50]  4819.63  3.50e-02  1.79e-01
                                  0.74  1.60e-03  1.60e-03
 Chi^2 = 14191073.00587,  ndof = 1742390
 Chi^2/nu = 8.145 

-----------------------------------------------------------------------------
-----------------------------------------------------------------------------

Input image     : fits-null.fits[1:1320,1:1320] 
Init. par. file : galfit3115.in 
Restart file    : galfit.05 
Output image    : galfit_3115.fits 

 sersic    : ( [663.50], [665.00])  -0.06    106.02    0.37   [0.39]   49.43
             (   [0.00],   [0.00])   0.01      0.08    0.00   [0.00]    0.03
 expdisk   : ( [663.50], [665.00])  -0.26    121.90   [0.39]   36.72
             (   [0.00],   [0.00])   0.00      0.46   [0.00]    0.08
 sky       : [660.50, 660.50]  4819.62  3.50e-02  1.79e-01
                                  0.74  1.60e-03  1.60e-03
 Chi^2 = 14191072.98929,  ndof = 1742390
 Chi^2/nu = 8.145 

-----------------------------------------------------------------------------
-----------------------------------------------------------------------------

Input image     : fits-null.fits[1:1320,1:1320] 
Init. par. file : galfit3115.in 
Restart file    : galfit.06 
Output image    : galfit_3115.fits 

 sersic    : ( [660.50], [660.50])  -0.45    121.54    0.49   [0.39]   42.47
             (   [0.00],   [0.00])   0.00      0.10    0.00   [0.00]    0.04
 expdisk   : ( [660.50], [660.50])   0.36    126.77   [0.39]   68.72
             (   [0.00],   [0.00])   0.01      0.71   [0.00]    0.20
 sky       : [660.50, 660.50]  4832.52  4.11e-02  1.88e-01
                                  0.66  1.69e-03  1.69e-03
 Chi^2 = 16411252.93490,  ndof = 1742390
 Chi^2/nu = 9.419 

-----------------------------------------------------------------------------
-----------------------------------------------------------------------------

Input image     : fits-null.fits[1:1320,1:1320] 
Init. par. file : galfit3115.in 
Restart file    : galfit.07 
Output image    : galfit_3115.fits 

 sersic    : ( [660.50], [660.50])  -0.03    103.12    0.35    0.44   [45.00]
             (   [0.00],   [0.00])   0.01      0.15    0.00    0.00    [0.00]
 expdisk   : ( [660.50], [660.50])  -0.33    112.17    0.50   [45.00]
             (   [0.00],   [0.00])   0.00      0.50    0.00    [0.00]
 sky       : [660.50, 660.50]  4813.52  4.11e-02  1.88e-01
                                  0.81  1.68e-03  1.68e-03
 Chi^2 = 16199607.17632,  ndof = 1742390
 Chi^2/nu = 9.297 

-----------------------------------------------------------------------------
-----------------------------------------------------------------------------

Input image     : fits-null.fits[1:1320,1:1320] 
Init. par. file : galfit3115.in 
Restart file    : galfit.08 
Output image    : galfit_3115.fits 

 sersic    : (  682.41,   668.29)   -0.08    101.34    0.36    0.35   [45.00]
             (    0.07,     0.07)    0.00      0.09    0.00    0.00    [0.00]
 expdisk   : (  688.08,   659.83)   -0.34    119.39    0.51   [45.00]
             (    0.21,     0.21)    0.00      0.40    0.00    [0.00]
 sky       : [660.50, 660.50]  4805.75  -1.15e-02  1.81e-01
                                  0.70  1.44e-03  1.47e-03
 Chi^2 = 10537828.15714,  ndof = 1742386
 Chi^2/nu = 6.048 

-----------------------------------------------------------------------------
-----------------------------------------------------------------------------

Input image     : fits-null.fits[1:1320,1:1320] 
Init. par. file : galfit3115.in 
Restart file    : galfit.09 
Output image    : galfit_3115.fits 

 sersic    : (  667.71,   663.91)   [7.17]    17.72    0.10    0.23   [45.00]
             (    1.32,     1.32)   [0.00]     1.66    0.07    0.03    [0.00]
 expdisk   : (  760.50,   760.50)   [8.34]    *0.03*   0.88   [45.00]
             (    0.12,     0.03)   [0.00]    *0.79*   0.08    [0.00]
 sky       : [660.50, 660.50]  5111.12  4.08e-02  1.88e-01
                                  1.23  2.96e-03  2.96e-03
 Chi^2 = 50592551.58753,  ndof = 1742388
 Chi^2/nu = 29.036 

-----------------------------------------------------------------------------
-----------------------------------------------------------------------------

Input image     : fits-null.fits[1:1320,1:1320] 
Init. par. file : galfit3115.in 
Restart file    : galfit.10 
Output image    : galfit_3115.fits 

 sersic    : (  682.38,   668.33)   -0.08    101.35    0.36    0.35   [45.00]
             (    0.07,     0.07)    0.00      0.09    0.00    0.00    [0.00]
 expdisk   : (  688.14,   659.73)   -0.34    119.18    0.51   [45.00]
             (    0.21,     0.21)    0.00      0.40    0.00    [0.00]
 sky       : [660.50, 660.50]  4805.91  -1.16e-02  1.81e-01
                                  0.70  1.44e-03  1.47e-03
 Chi^2 = 10537856.16999,  ndof = 1742386
 Chi^2/nu = 6.048 

-----------------------------------------------------------------------------
-----------------------------------------------------------------------------

Input image     : fits-null.fits[1:1320,1:1320] 
Init. par. file : galfit3115.in 
Restart file    : galfit.11 
Output image    : galfit_3115.fits 

 sersic    : (  685.92,   664.42)    0.20     80.34    0.38    0.44   [45.00]
             (    0.12,     0.12)    0.00      0.14    0.00    0.00    [0.00]
 expdisk   : (  624.70,   730.07)    0.39     72.10    0.59   [45.00]
             (    0.14,     0.16)    0.00      0.36    0.00    [0.00]
 expdisk   : (  741.32,   603.04)    0.29     81.66    0.59   [45.00]
             (    0.14,     0.17)    0.00      0.36    0.00    [0.00]
 sky       : [660.50, 660.50]  4823.77  -9.35e-03  1.81e-01
                                  0.56  1.09e-03  1.08e-03
 Chi^2 = 10406530.74796,  ndof = 1742381
 Chi^2/nu = 5.973 

-----------------------------------------------------------------------------
-----------------------------------------------------------------------------

Input image     : fits-null.fits[1:1320,1:1320] 
Init. par. file : galfit3115.in 
Restart file    : galfit.12 
Output image    : galfit_3115.fits 

 sersic    : (  685.92,   664.42)    0.20     80.33    0.38    0.44   [45.00]
             (    0.12,     0.12)    0.00      0.14    0.00    0.00    [0.00]
 expdisk   : (  624.69,   730.08)    0.39     72.09    0.59   [45.00]
             (    0.14,     0.16)    0.00      0.36    0.00    [0.00]
 expdisk   : (  741.33,   603.03)    0.29     81.65    0.59   [45.00]
             (    0.14,     0.17)    0.00      0.36    0.00    [0.00]
 sky       : [660.50, 660.50]  4823.77  -9.35e-03  1.81e-01
                                  0.56  1.09e-03  1.08e-03
 Chi^2 = 10406530.75061,  ndof = 1742381
 Chi^2/nu = 5.973 

-----------------------------------------------------------------------------
-----------------------------------------------------------------------------

Input image     : fits-null.fits[1:1320,1:1320] 
Init. par. file : galfit3115.in 
Restart file    : galfit.13 
Output image    : galfit_3115.fits 

 sersic    : (  685.92,   664.42)    0.20     80.35    0.38    0.44   [45.00]
             (    0.12,     0.12)    0.00      0.14    0.00    0.00    [0.00]
 expdisk   : (  624.70,   730.07)    0.39     72.10    0.59   [45.00]
             (    0.14,     0.16)    0.00      0.36    0.00    [0.00]
 expdisk   : (  741.32,   603.04)    0.29     81.66    0.59   [45.00]
             (    0.14,     0.17)    0.00      0.36    0.00    [0.00]
 sky       : [660.50, 660.50]  4823.76  -9.35e-03  1.81e-01
                                  0.56  1.09e-03  1.08e-03
 Chi^2 = 10406530.75217,  ndof = 1742381
 Chi^2/nu = 5.973 

-----------------------------------------------------------------------------
-----------------------------------------------------------------------------

Input image     : test_ext.fits[1:1320,1:1320] 
Init. par. file : galfit3115.in 
Restart file    : galfit.14 
Output image    : galfit_3115-wpsf.fits 

 sersic    : (  630.85,   720.50)   -0.10    463.94   [4.00]   0.73    32.59
             (    0.04,     0.04)    0.02      6.75   [0.00]   0.00     0.59
 expdisk   : (  694.32,   657.07)   -0.76     80.93    0.41    43.81
             (    0.03,     0.03)    0.00      0.07    0.00     0.03
 sky       : [660.50, 660.50]  4767.19  -2.73e-03  1.65e-01
                                  0.76  1.30e-03  1.30e-03
 Chi^2 = 11472547.40029,  ndof = 1742385
 Chi^2/nu = 6.584 

-----------------------------------------------------------------------------
-----------------------------------------------------------------------------

Input image     : test_ext.fits[1:1320,1:1320] 
Init. par. file : galfit3115.in 
Restart file    : galfit.15 
Output image    : galfit_3115-wpsf.fits 

 sersic    : (  683.08,   668.29)   -0.08    101.20    0.36    0.35    44.28
             (    0.07,     0.07)    0.00      0.09    0.00    0.00     0.02
 expdisk   : (  687.49,   663.08)   -0.35    119.93    0.50    41.99
             (    0.20,     0.22)    0.00      0.40    0.00     0.11
 sky       : [660.50, 660.50]  4805.08  -1.12e-02  1.78e-01
                                  0.70  1.40e-03  1.45e-03
 Chi^2 = 10518284.28492,  ndof = 1742384
 Chi^2/nu = 6.037 

-----------------------------------------------------------------------------
-----------------------------------------------------------------------------

Input image     : test_ext.fits[1:1320,1:1320] 
Init. par. file : galfit3115.in 
Restart file    : galfit.16 
Output image    : galfit_3115-wpsf.fits 

 sersic    : (  675.70,   675.52)   -0.03     94.99    0.40    0.39    45.62
             (    0.09,     0.09)    0.00      0.10    0.00    0.00     0.03
 expdisk   : (  736.58,   609.71)    0.50     73.53    0.60    45.06
             (    0.14,     0.15)    0.01      0.32    0.00     0.20
 expdisk   : (  648.36,   718.41)    0.39    116.49    0.52   [45.00]
             (    0.63,     0.78)    0.01      0.72    0.00    [0.00]
 sky       : [660.50, 660.50]  4822.80  -1.17e-02  1.73e-01
                                  0.52  1.16e-03  1.15e-03
 Chi^2 = 10464932.81923,  ndof = 1742379
 Chi^2/nu = 6.006 

-----------------------------------------------------------------------------
-----------------------------------------------------------------------------

Input image     : test_ext.fits[1:1320,1:1320] 
Init. par. file : galfit3115.in 
Restart file    : galfit.17 
Output image    : galfit_3115-wpsf.fits 

 sersic    : ( [660.50], [660.50])   0.05    102.60    0.32    0.46    49.35
             (   [0.00],   [0.00])   0.00      0.11    0.00    0.00     0.05
 expdisk   : ( [660.50], [660.50])  -0.15    106.31    0.43    40.90
             (   [0.00],   [0.00])   0.02      0.56    0.00     0.14
 expdisk   : ( [660.50], [660.50])   1.06    134.94    1.00   [45.00]
             (   [0.00],   [0.00])   0.04      5.31    0.03    [0.00]
 sky       : [660.50, 660.50]  4802.28  4.16e-02  1.89e-01
                                  1.05  1.69e-03  1.69e-03
 Chi^2 = 16454537.16109,  ndof = 1742385
 Chi^2/nu = 9.444 

-----------------------------------------------------------------------------
-----------------------------------------------------------------------------

Input image     : test_ext.fits[1:1320,1:1320] 
Init. par. file : galfit3115.in 
Restart file    : galfit.18 
Output image    : galfit_3115-wpsf.fits 

 sersic    : ( [663.50], [665.00])  -0.04    103.97    0.36    0.40    47.89
             (   [0.00],   [0.00])   0.01      0.13    0.00    0.00     0.05
 expdisk   : ( [663.50], [665.00])   0.43    108.73    0.38    38.94
             (   [0.00],   [0.00])   0.06      1.08    0.01     0.32
 expdisk   : ( [663.50], [665.00])   0.36    121.02    0.67   [45.00]
             (   [0.00],   [0.00])   0.05      2.11    0.01    [0.00]
 sky       : [660.50, 660.50]  4806.50  3.53e-02  1.79e-01
                                  0.61  1.34e-03  1.34e-03
 Chi^2 = 14382791.71139,  ndof = 1742385
 Chi^2/nu = 8.255 

-----------------------------------------------------------------------------
-----------------------------------------------------------------------------

Input image     : test_ext.fits[300:1020,300:1020] 
Init. par. file : galfit3115.in 
Restart file    : galfit.19 
Output image    : galfit_3115-wpsf.fits 

 sersic    : ( [663.50], [665.00])   2.78    [26.19]  [4.00]  [0.31]   44.01
             (   [0.00],   [0.00])   0.01     [0.00]  [0.00]  [0.00]    0.42
 sky       : [660.00, 660.00]  5760.58  4.61e-01  2.32e-01
                                  3.58  1.30e-02  1.30e-02
 Chi^2 = 19881300.28640,  ndof = 519836
 Chi^2/nu = 38.245 

-----------------------------------------------------------------------------
-----------------------------------------------------------------------------

Input image     : test_ext.fits[300:1020,300:1020] 
Init. par. file : galfit3115.in 
Restart file    : galfit.20 
Output image    : galfit_3115-wpsf.fits 

 sersic    : ( [660.00], [660.00])   2.84    [26.19]  [4.00]  [0.31]   44.73
             (   [0.00],   [0.00])   0.01     [0.00]  [0.00]  [0.00]    0.45
 sky       : [660.00, 660.00]  5762.41  4.64e-01  2.35e-01
                                  3.59  1.31e-02  1.31e-02
 Chi^2 = 20021076.34886,  ndof = 519836
 Chi^2/nu = 38.514 

-----------------------------------------------------------------------------
-----------------------------------------------------------------------------

Input image     : test_ext.fits[300:1020,300:1020] 
Init. par. file : galfit3115.in 
Restart file    : galfit.21 
Output image    : galfit_3115-wpsf.fits 

 sersic    : (  665.29,   663.47)    2.77    [26.19]  [4.00]  [0.31]   44.04
             (    0.03,     0.03)    0.01     [0.00]  [0.00]  [0.00]    0.42
 sky       : [660.00, 660.00]  5760.46  4.60e-01  2.33e-01
                                  3.58  1.31e-02  1.31e-02
 Chi^2 = 19871345.06745,  ndof = 519834
 Chi^2/nu = 38.226 

-----------------------------------------------------------------------------
-----------------------------------------------------------------------------

Input image     : test_ext.fits[300:1020,300:1020] 
Init. par. file : galfit3115.in 
Restart file    : galfit.22 
Output image    : galfit_3115-wpsf.fits 

 sersic    : ( [686.29], [665.00])  -4.11   3147.43   [4.00]   0.44    43.69
             (   [0.00],   [0.00])   0.01     15.79   [0.00]   0.00     0.06
 sky       : [660.00, 660.00]  3238.01  -3.73e-01  -5.23e-02
                                  5.28  8.15e-03  8.14e-03
 Chi^2 = 5258271.73272,  ndof = 519834
 Chi^2/nu = 10.115 

-----------------------------------------------------------------------------
-----------------------------------------------------------------------------

Input image     : test_ext.fits[300:1020,300:1020] 
Init. par. file : galfit3115.in 
Restart file    : galfit.23 
Output image    : galfit_3115-wpsf.fits 

 sersic    : ( [686.29], [665.00])   1.90    [26.19]  [4.00]   1.00    44.34
             (   [0.00],   [0.00])   0.01     [0.00]  [0.00]   0.01 436200.31
 sky       : [660.00, 660.00]  5717.00  4.19e-01  2.27e-01
                                  3.52  1.68e-02  1.68e-02
 Chi^2 = 19066538.84454,  ndof = 519835
 Chi^2/nu = 36.678 

-----------------------------------------------------------------------------
-----------------------------------------------------------------------------

Input image     : test_ext.fits[300:1020,300:1020] 
Init. par. file : galfit3115.in 
Restart file    : galfit.24 
Output image    : galfit_3115-wpsf.fits 

 sersic    : ( [686.29], [665.00])  [1.90]   [26.19]  [4.00]  [0.31]  [44.34]
             (   [0.00],   [0.00])  [0.00]    [0.00]  [0.00]  [0.00]   [0.00]
 expdisk   : ( [686.29], [665.00])  -1.08    112.16    0.41    43.72
             (   [0.00],   [0.00])   0.00      0.22    0.00     0.07
 sky       : [660.00, 660.00]  4634.79  -1.83e-01  9.34e-02
                                  3.64  1.16e-02  1.16e-02
 Chi^2 = 9436846.87854,  ndof = 519834
 Chi^2/nu = 18.154 

-----------------------------------------------------------------------------
-----------------------------------------------------------------------------

Input image     : test_ext.fits[300:1020,300:1020] 
Init. par. file : galfit3115.in 
Restart file    : galfit.25 
Output image    : galfit_3115-wpsf.fits 

 sersic    : ( [686.29], [665.00])  [7.17]   [26.19]  [4.00]  [0.31]  [44.34]
             (   [0.00],   [0.00])  [0.00]    [0.00]  [0.00]  [0.00]   [0.00]
 expdisk   : ( [686.29], [665.00])  -0.97     88.59    0.39    43.87
             (   [0.00],   [0.00])   0.00      0.08    0.00     0.03
 sky       : [660.00, 660.00]  4773.89  -1.28e-01  1.20e-01
                                  1.65  6.09e-03  6.08e-03
 Chi^2 = 2581285.91194,  ndof = 519834
 Chi^2/nu = 4.966 

-----------------------------------------------------------------------------
-----------------------------------------------------------------------------

Input image     : test_ext.fits[300:1020,300:1020] 
Init. par. file : galfit3115.in 
Restart file    : galfit.26 
Output image    : galfit_3115-wpsf.fits 

 sersic    : ( [686.29], [665.00])  [7.17]   [26.19]  [4.00]  [0.31]  [44.34]
             (   [0.00],   [0.00])  [0.00]    [0.00]  [0.00]  [0.00]   [0.00]
 expdisk   : ( [686.29], [665.00])  [8.34]   [53.69]  [0.39]  [45.00]
             (   [0.00],   [0.00])  [0.00]    [0.00]  [0.00]   [0.00]
 sky       : [660.00, 660.00]  5792.11  4.63e-01  2.35e-01
                                  3.68  1.34e-02  1.34e-02
 Chi^2 = 21086020.28638,  ndof = 519838
 Chi^2/nu = 40.563 

-----------------------------------------------------------------------------
